This is pdfTeX, Version 3.14159265-2.6-1.40.19 (TeX Live 2018) (preloaded format=pdflatex 2018.12.13)  21 NOV 2020 08:28
entering extended mode
 restricted \write18 enabled.
 file:line:error style messages enabled.
 %&-line parsing enabled.
**/Users/diogocezar/phd/phd-ihc-topics/a03/sbc-template.tex
(/Users/diogocezar/phd/phd-ihc-topics/a03/sbc-template.tex
LaTeX2e <2018-04-01> patch level 2
Babel <3.18> and hyphenation patterns for 84 language(s) loaded.
(/usr/local/texlive/2018/texmf-dist/tex/latex/base/article.cls
Document Class: article 2014/09/29 v1.4h Standard LaTeX document class
(/usr/local/texlive/2018/texmf-dist/tex/latex/base/size12.clo
File: size12.clo 2014/09/29 v1.4h Standard LaTeX file (size option)
)
\c@part=\count80
\c@section=\count81
\c@subsection=\count82
\c@subsubsection=\count83
\c@paragraph=\count84
\c@subparagraph=\count85
\c@figure=\count86
\c@table=\count87
\abovecaptionskip=\skip41
\belowcaptionskip=\skip42
\bibindent=\dimen102
) (/Users/diogocezar/phd/phd-ihc-topics/a03/sbc-template.sty
Package: sbc-template 2001/06/09
 (/usr/local/texlive/2018/texmf-dist/tex/latex/geometry/geometry.sty
Package: geometry 2018/03/24 v5.7 Page Geometry
 (/usr/local/texlive/2018/texmf-dist/tex/latex/graphics/keyval.sty
Package: keyval 2014/10/28 v1.15 key=value parser (DPC)
\KV@toks@=\toks14
) (/usr/local/texlive/2018/texmf-dist/tex/generic/oberdiek/ifpdf.sty
Package: ifpdf 2017/03/15 v3.2 Provides the ifpdf switch
) (/usr/local/texlive/2018/texmf-dist/tex/generic/oberdiek/ifvtex.sty
Package: ifvtex 2016/05/16 v1.6 Detect VTeX and its facilities (HO)
Package ifvtex Info: VTeX not detected.
) (/usr/local/texlive/2018/texmf-dist/tex/generic/ifxetex/ifxetex.sty
Package: ifxetex 2010/09/12 v0.6 Provides ifxetex conditional
)
\Gm@cnth=\count88
\Gm@cntv=\count89
\c@Gm@tempcnt=\count90
\Gm@bindingoffset=\dimen103
\Gm@wd@mp=\dimen104
\Gm@odd@mp=\dimen105
\Gm@even@mp=\dimen106
\Gm@layoutwidth=\dimen107
\Gm@layoutheight=\dimen108
\Gm@layouthoffset=\dimen109
\Gm@layoutvoffset=\dimen110
\Gm@dimlist=\toks15
) (/usr/local/texlive/2018/texmf-dist/tex/latex/caption/caption.sty
Package: caption 2016/02/21 v3.3-144 Customizing captions (AR)
 (/usr/local/texlive/2018/texmf-dist/tex/latex/caption/caption3.sty
Package: caption3 2016/05/22 v1.7-166 caption3 kernel (AR)
Package caption3 Info: TeX engine: e-TeX on input line 67.
\captionmargin=\dimen111
\captionmargin@=\dimen112
\captionwidth=\dimen113
\caption@tempdima=\dimen114
\caption@indent=\dimen115
\caption@parindent=\dimen116
\caption@hangindent=\dimen117
)
\c@ContinuedFloat=\count91
) (/usr/local/texlive/2018/texmf-dist/tex/latex/psnfss/times.sty
Package: times 2005/04/12 PSNFSS-v9.2a (SPQR) 
)
\c@instn=\count92
 (/usr/local/texlive/2018/texmf-dist/tex/latex/titlesec/titlesec.sty
Package: titlesec 2016/03/21 v2.10.2 Sectioning titles
\ttl@box=\box26
\beforetitleunit=\skip43
\aftertitleunit=\skip44
\ttl@plus=\dimen118
\ttl@minus=\dimen119
\ttl@toksa=\toks16
\titlewidth=\dimen120
\titlewidthlast=\dimen121
\titlewidthfirst=\dimen122
) (/usr/local/texlive/2018/texmf-dist/tex/latex/etoolbox/etoolbox.sty
Package: etoolbox 2018/02/11 v2.5e e-TeX tools for LaTeX (JAW)
\etb@tempcnta=\count93
)) (/usr/local/texlive/2018/texmf-dist/tex/latex/graphics/graphicx.sty
Package: graphicx 2017/06/01 v1.1a Enhanced LaTeX Graphics (DPC,SPQR)
 (/usr/local/texlive/2018/texmf-dist/tex/latex/graphics/graphics.sty
Package: graphics 2017/06/25 v1.2c Standard LaTeX Graphics (DPC,SPQR)
 (/usr/local/texlive/2018/texmf-dist/tex/latex/graphics/trig.sty
Package: trig 2016/01/03 v1.10 sin cos tan (DPC)
) (/usr/local/texlive/2018/texmf-dist/tex/latex/graphics-cfg/graphics.cfg
File: graphics.cfg 2016/06/04 v1.11 sample graphics configuration
)
Package graphics Info: Driver file: pdftex.def on input line 99.
 (/usr/local/texlive/2018/texmf-dist/tex/latex/graphics-def/pdftex.def
File: pdftex.def 2018/01/08 v1.0l Graphics/color driver for pdftex
))
\Gin@req@height=\dimen123
\Gin@req@width=\dimen124
) (/usr/local/texlive/2018/texmf-dist/tex/latex/url/url.sty
\Urlmuskip=\muskip10
Package: url 2013/09/16  ver 3.4  Verb mode for urls, etc.
) (/usr/local/texlive/2018/texmf-dist/tex/latex/base/inputenc.sty
Package: inputenc 2018/04/06 v1.3b Input encoding file
\inpenc@prehook=\toks17
\inpenc@posthook=\toks18
) (/usr/local/texlive/2018/texmf-dist/tex/generic/babel/babel.sty
Package: babel 2018/02/14 3.18 The Babel package
 (/usr/local/texlive/2018/texmf-dist/tex/generic/babel/switch.def
File: switch.def 2018/02/14 3.18 Babel switching mechanism
) (/usr/local/texlive/2018/texmf-dist/tex/generic/babel-portuges/portuges.ldf
Language: portuges 2008/03/18 v1.2q Portuguese support from the babel system
 (/usr/local/texlive/2018/texmf-dist/tex/generic/babel/babel.def
File: babel.def 2018/02/14 3.18 Babel common definitions
\babel@savecnt=\count94
\U@D=\dimen125
 (/usr/local/texlive/2018/texmf-dist/tex/generic/babel/txtbabel.def)
\bbl@dirlevel=\count95
)
\l@brazil = a dialect from \language\l@portuges 
Package babel Info: Making " an active character on input line 145.
)) (/usr/local/texlive/2018/texmf-dist/tex/latex/listings/listings.sty
\lst@mode=\count96
\lst@gtempboxa=\box27
\lst@token=\toks19
\lst@length=\count97
\lst@currlwidth=\dimen126
\lst@column=\count98
\lst@pos=\count99
\lst@lostspace=\dimen127
\lst@width=\dimen128
\lst@newlines=\count100
\lst@lineno=\count101
\lst@maxwidth=\dimen129
 (/usr/local/texlive/2018/texmf-dist/tex/latex/listings/lstmisc.sty
File: lstmisc.sty 2015/06/04 1.6 (Carsten Heinz)
\c@lstnumber=\count102
\lst@skipnumbers=\count103
\lst@framebox=\box28
) (/usr/local/texlive/2018/texmf-dist/tex/latex/listings/listings.cfg
File: listings.cfg 2015/06/04 1.6 listings configuration
))
Package: listings 2015/06/04 1.6 (Carsten Heinz)
 (/usr/local/texlive/2018/texmf-dist/tex/generic/ulem/ulem.sty
\UL@box=\box29
\UL@hyphenbox=\box30
\UL@skip=\skip45
\UL@hook=\toks20
\UL@height=\dimen130
\UL@pe=\count104
\UL@pixel=\dimen131
\ULC@box=\box31
Package: ulem 2012/05/18
\ULdepth=\dimen132
) (/usr/local/texlive/2018/texmf-dist/tex/latex/tools/longtable.sty
Package: longtable 2014/10/28 v4.11 Multi-page Table package (DPC)
\LTleft=\skip46
\LTright=\skip47
\LTpre=\skip48
\LTpost=\skip49
\LTchunksize=\count105
\LTcapwidth=\dimen133
\LT@head=\box32
\LT@firsthead=\box33
\LT@foot=\box34
\LT@lastfoot=\box35
\LT@cols=\count106
\LT@rows=\count107
\c@LT@tables=\count108
\c@LT@chunks=\count109
\LT@p@ftn=\toks21
) (/Users/diogocezar/phd/phd-ihc-topics/a03/sbc-template.aux)
\openout1 = `sbc-template.aux'.

LaTeX Font Info:    Checking defaults for OML/cmm/m/it on input line 43.
LaTeX Font Info:    ... okay on input line 43.
LaTeX Font Info:    Checking defaults for T1/cmr/m/n on input line 43.
LaTeX Font Info:    ... okay on input line 43.
LaTeX Font Info:    Checking defaults for OT1/cmr/m/n on input line 43.
LaTeX Font Info:    ... okay on input line 43.
LaTeX Font Info:    Checking defaults for OMS/cmsy/m/n on input line 43.
LaTeX Font Info:    ... okay on input line 43.
LaTeX Font Info:    Checking defaults for OMX/cmex/m/n on input line 43.
LaTeX Font Info:    ... okay on input line 43.
LaTeX Font Info:    Checking defaults for U/cmr/m/n on input line 43.
LaTeX Font Info:    ... okay on input line 43.
LaTeX Font Info:    Try loading font information for OT1+ptm on input line 43.
 (/usr/local/texlive/2018/texmf-dist/tex/latex/psnfss/ot1ptm.fd
File: ot1ptm.fd 2001/06/04 font definitions for OT1/ptm.
)
*geometry* driver: auto-detecting
*geometry* detected driver: pdftex
*geometry* verbose mode - [ preamble ] result:
* driver: pdftex
* paper: a4paper
* layout: <same size as paper>
* layoutoffset:(h,v)=(0.0pt,0.0pt)
* modes: 
* h-part:(L,W,R)=(85.35826pt, 426.79135pt, 85.35826pt)
* v-part:(T,H,B)=(99.58464pt, 674.33032pt, 71.13188pt)
* \paperwidth=597.50787pt
* \paperheight=845.04684pt
* \textwidth=426.79135pt
* \textheight=674.33032pt
* \oddsidemargin=13.08827pt
* \evensidemargin=13.08827pt
* \topmargin=-9.68535pt
* \headheight=12.0pt
* \headsep=25.0pt
* \topskip=12.0pt
* \footskip=30.0pt
* \marginparwidth=44.0pt
* \marginparsep=10.0pt
* \columnsep=10.0pt
* \skip\footins=10.8pt plus 4.0pt minus 2.0pt
* \hoffset=0.0pt
* \voffset=0.0pt
* \mag=1000
* \@twocolumnfalse
* \@twosidefalse
* \@mparswitchfalse
* \@reversemarginfalse
* (1in=72.27pt=25.4mm, 1cm=28.453pt)

Package caption Info: Begin \AtBeginDocument code.
Package caption Info: listings package is loaded.
Package caption Info: longtable package is loaded.
(/usr/local/texlive/2018/texmf-dist/tex/latex/caption/ltcaption.sty
Package: ltcaption 2013/06/09 v1.4-94 longtable captions (AR)
)
Package caption Info: End \AtBeginDocument code.
 (/usr/local/texlive/2018/texmf-dist/tex/context/base/mkii/supp-pdf.mkii
[Loading MPS to PDF converter (version 2006.09.02).]
\scratchcounter=\count110
\scratchdimen=\dimen134
\scratchbox=\box36
\nofMPsegments=\count111
\nofMParguments=\count112
\everyMPshowfont=\toks22
\MPscratchCnt=\count113
\MPscratchDim=\dimen135
\MPnumerator=\count114
\makeMPintoPDFobject=\count115
\everyMPtoPDFconversion=\toks23
) (/usr/local/texlive/2018/texmf-dist/tex/latex/oberdiek/epstopdf-base.sty
Package: epstopdf-base 2016/05/15 v2.6 Base part for package epstopdf
 (/usr/local/texlive/2018/texmf-dist/tex/generic/oberdiek/infwarerr.sty
Package: infwarerr 2016/05/16 v1.4 Providing info/warning/error messages (HO)
) (/usr/local/texlive/2018/texmf-dist/tex/latex/oberdiek/grfext.sty
Package: grfext 2016/05/16 v1.2 Manage graphics extensions (HO)
 (/usr/local/texlive/2018/texmf-dist/tex/generic/oberdiek/kvdefinekeys.sty
Package: kvdefinekeys 2016/05/16 v1.4 Define keys (HO)
 (/usr/local/texlive/2018/texmf-dist/tex/generic/oberdiek/ltxcmds.sty
Package: ltxcmds 2016/05/16 v1.23 LaTeX kernel commands for general use (HO)
))) (/usr/local/texlive/2018/texmf-dist/tex/latex/oberdiek/kvoptions.sty
Package: kvoptions 2016/05/16 v3.12 Key value format for package options (HO)
 (/usr/local/texlive/2018/texmf-dist/tex/generic/oberdiek/kvsetkeys.sty
Package: kvsetkeys 2016/05/16 v1.17 Key value parser (HO)
 (/usr/local/texlive/2018/texmf-dist/tex/generic/oberdiek/etexcmds.sty
Package: etexcmds 2016/05/16 v1.6 Avoid name clashes with e-TeX commands (HO)
 (/usr/local/texlive/2018/texmf-dist/tex/generic/oberdiek/ifluatex.sty
Package: ifluatex 2016/05/16 v1.4 Provides the ifluatex switch (HO)
Package ifluatex Info: LuaTeX not detected.
)
Package etexcmds Info: Could not find \expanded.
(etexcmds)             That can mean that you are not using pdfTeX 1.50 or
(etexcmds)             that some package has redefined \expanded.
(etexcmds)             In the latter case, load this package earlier.
))) (/usr/local/texlive/2018/texmf-dist/tex/generic/oberdiek/pdftexcmds.sty
Package: pdftexcmds 2018/01/30 v0.27 Utility functions of pdfTeX for LuaTeX (HO)
Package pdftexcmds Info: LuaTeX not detected.
Package pdftexcmds Info: \pdf@primitive is available.
Package pdftexcmds Info: \pdf@ifprimitive is available.
Package pdftexcmds Info: \pdfdraftmode found.
)
Package epstopdf-base Info: Redefining graphics rule for `.eps' on input line 438.
Package grfext Info: Graphics extension search list:
(grfext)             [.pdf,.png,.jpg,.mps,.jpeg,.jbig2,.jb2,.PDF,.PNG,.JPG,.JPEG,.JBIG2,.JB2,.eps]
(grfext)             \AppendGraphicsExtensions on input line 456.
 (/usr/local/texlive/2018/texmf-dist/tex/latex/latexconfig/epstopdf-sys.cfg
File: epstopdf-sys.cfg 2010/07/13 v1.3 Configuration of (r)epstopdf for TeX Live
))
\c@lstlisting=\count116
LaTeX Font Info:    Font shape `OT1/ptm/bx/n' in size <16> not available
(Font)              Font shape `OT1/ptm/b/n' tried instead on input line 45.
LaTeX Font Info:    Font shape `OT1/ptm/bx/n' in size <12> not available
(Font)              Font shape `OT1/ptm/b/n' tried instead on input line 45.
LaTeX Font Info:    External font `cmex10' loaded for size
(Font)              <12> on input line 45.
LaTeX Font Info:    External font `cmex10' loaded for size
(Font)              <8> on input line 45.
LaTeX Font Info:    External font `cmex10' loaded for size
(Font)              <6> on input line 45.
LaTeX Font Info:    Try loading font information for OT1+pcr on input line 45.
 (/usr/local/texlive/2018/texmf-dist/tex/latex/psnfss/ot1pcr.fd
File: ot1pcr.fd 2001/06/04 font definitions for OT1/pcr.
)
LaTeX Font Info:    Font shape `OT1/ptm/bx/it' in size <12> not available
(Font)              Font shape `OT1/ptm/b/it' tried instead on input line 47.
LaTeX Font Info:    Font shape `OT1/ptm/bx/n' in size <13> not available
(Font)              Font shape `OT1/ptm/b/n' tried instead on input line 52.
LaTeX Font Info:    Try loading font information for OMS+ptm on input line 73.
 (/usr/local/texlive/2018/texmf-dist/tex/latex/psnfss/omsptm.fd
File: omsptm.fd 
)
LaTeX Font Info:    Font shape `OMS/ptm/m/n' in size <12> not available
(Font)              Font shape `OMS/cmsy/m/n' tried instead on input line 73.
 [1

{/usr/local/texlive/2018/texmf-var/fonts/map/pdftex/updmap/pdftex.map}] [2]
LaTeX Font Info:    Try loading font information for OT1+phv on input line 165.
 (/usr/local/texlive/2018/texmf-dist/tex/latex/psnfss/ot1phv.fd
File: ot1phv.fd 2001/06/04 scalable font definitions for OT1/phv.
)
LaTeX Font Info:    Font shape `OT1/phv/bx/n' in size <10> not available
(Font)              Font shape `OT1/phv/b/n' tried instead on input line 165.
 [3] [4]
LaTeX Font Info:    External font `cmex10' loaded for size
(Font)              <7> on input line 279.
LaTeX Font Info:    External font `cmex10' loaded for size
(Font)              <5> on input line 279.
LaTeX Font Info:    Font shape `OT1/ptm/bx/n' in size <10> not available
(Font)              Font shape `OT1/ptm/b/n' tried instead on input line 281.

Underfull \hbox (badness 1005) in paragraph at lines 295--296
\OT1/ptm/m/n/12 Apesar da an[]alise das 50 pri-mei-ras publica[][]oes, indexou-se neste ma-te-rial as 30
 []


Overfull \hbox (5.75157pt too wide) in alignment at lines 298--305
 [] [] [] [] [] 
 []


Overfull \hbox (5.75157pt too wide) in alignment at lines 305--306
 [] [] [] [] [] 
 []


Overfull \hbox (5.75157pt too wide) in alignment at lines 306--307
 [] [] [] [] [] 
 []


Overfull \hbox (5.75157pt too wide) in alignment at lines 307--308
 [] [] [] [] [] 
 []


Underfull \hbox (badness 3977) in paragraph at lines 310--310
[]|\OT1/ptm/m/n/10 An Agile Farm Ma-na-ge-
 []


Underfull \hbox (badness 5756) in paragraph at lines 310--310
\OT1/ptm/m/n/10 ment In-for-ma-tion Sys-tem
 []


Underfull \hbox (badness 10000) in paragraph at lines 310--310
\OT1/ptm/m/n/10 Fra-mework for Pre-ci-sion
 []


Underfull \hbox (badness 5189) in paragraph at lines 315--315
[]|\OT1/ptm/m/n/10 Improving di-gi-tal ecosys-
 []


Underfull \hbox (badness 3635) in paragraph at lines 318--318
\OT1/ptm/m/n/10 com-pu-ta-ti-o-nal and col-lec-
 []


Underfull \hbox (badness 10000) in paragraph at lines 320--320
\OT1/ptm/m/n/10 mid-dleware for sen-sor
 []


Underfull \hbox (badness 3260) in paragraph at lines 322--322
[]|\OT1/ptm/m/n/10 Eduardo J Pe-reira Souto,
 []


Underfull \hbox (badness 10000) in paragraph at lines 322--322
\OT1/ptm/m/n/10 Ger-mano F Gui-mar[]aes,
 []


Underfull \hbox (badness 1436) in paragraph at lines 322--322
\OT1/ptm/m/n/10 Glauco Vas-con-ce-los, Mar-
 []


Underfull \hbox (badness 10000) in paragraph at lines 322--322
\OT1/ptm/m/n/10 do-queu Souza Vi-eira,
 []


Underfull \hbox (badness 7151) in paragraph at lines 322--322
\OT1/ptm/m/n/10 Andr[]e Gui-mar[]aes Fer-raz,
 []


Underfull \hbox (badness 10000) in paragraph at lines 323--323
[]|\OT1/ptm/m/n/10 Personal and Ubi-qui-tous
 []


Underfull \hbox (badness 1112) in paragraph at lines 325--325
[]|\OT1/ptm/m/n/10 A Mi-xed Usa-bi-lity Eva-lu-
 []


Underfull \hbox (badness 6236) in paragraph at lines 325--325
\OT1/ptm/m/n/10 a-tion on a Multi Cri-te-
 []


Underfull \hbox (badness 5008) in paragraph at lines 327--327
[]|\OT1/ptm/m/n/10 Juli[]an Gri-gera, Ale-jan-dra
 []


Underfull \hbox (badness 10000) in paragraph at lines 327--327
\OT1/ptm/m/n/10 Gar-rido, Pas-cale Za-rat[]e,
 []


Underfull \hbox (badness 3769) in paragraph at lines 327--327
\OT1/ptm/m/n/10 Guy Ca-mil-leri, Ale-jan-dro
 []


Underfull \hbox (badness 1067) in paragraph at lines 328--328
[]|\OT1/ptm/m/n/10 Interacci[]on 2018: Pro-ce-e-
 []


Underfull \hbox (badness 10000) in paragraph at lines 332--332
[]|\OT1/ptm/m/n/10 Maxwell Bur-nette, Rob
 []


Underfull \hbox (badness 1215) in paragraph at lines 332--332
\OT1/ptm/m/n/10 Ko-o-per, John D Ma-lo-ney,
 []


Underfull \hbox (badness 4673) in paragraph at lines 332--332
\OT1/ptm/m/n/10 Ga-reth S Rohde, Jef-frey
 []


Underfull \hbox (badness 8038) in paragraph at lines 332--332
\OT1/ptm/m/n/10 A Ters-triep, Craig Wil-
 []


Underfull \hbox (badness 2096) in paragraph at lines 332--332
\OT1/ptm/m/n/10 lis, Noah Fahl-gren, Todd
 []


Underfull \hbox (badness 1454) in paragraph at lines 333--333
[]|\OT1/ptm/m/n/10 PEARC '18: Pro-ce-e-dings
 []


Underfull \hbox (badness 4995) in paragraph at lines 337--337
[]|\OT1/ptm/m/n/10 Athanasios An-to-niou, Io-
 []


Underfull \hbox (badness 10000) in paragraph at lines 337--337
\OT1/ptm/m/n/10 an-nis Chat-zi-gi-an-na-kis,
 []


Underfull \hbox (badness 10000) in paragraph at lines 337--337
\OT1/ptm/m/n/10 Atha-na-sios Ki-na-lis, Ge-
 []


Underfull \hbox (badness 10000) in paragraph at lines 337--337
\OT1/ptm/m/n/10 or-gios My-lo-nas, So-ti-ris
 []


Underfull \hbox (badness 5817) in paragraph at lines 337--337
\OT1/ptm/m/n/10 E Ni-ko-let-seas, Apos-to-los
 []


Underfull \hbox (badness 6047) in paragraph at lines 338--338
[]|\OT1/ptm/m/n/10 PM2HW2N '07: Pro-ce-
 []


Underfull \hbox (badness 3568) in paragraph at lines 338--338
\OT1/ptm/m/n/10 e-dings of the 2nd ACM
 []


Underfull \hbox (badness 2173) in paragraph at lines 338--338
\OT1/ptm/m/n/10 workshop on Per-for-mance
 []


Underfull \hbox (badness 10000) in paragraph at lines 338--338
\OT1/ptm/m/n/10 mo-ni-to-ring and me-a-su-
 []


Underfull \hbox (badness 10000) in paragraph at lines 338--338
\OT1/ptm/m/n/10 re-ment of he-te-ro-ge-ne-ous
 []


Underfull \hbox (badness 3942) in paragraph at lines 340--340
[]|\OT1/ptm/m/n/10 Software Ra-dios for Un-
 []


Underfull \hbox (badness 1762) in paragraph at lines 343--343
[]|\OT1/ptm/m/n/10 OpenWireless'20: Pro-ce-e-
 []


Underfull \hbox (badness 2818) in paragraph at lines 343--343
\OT1/ptm/m/n/10 dings of the 1st In-ter-na-
 []


Underfull \hbox (badness 1460) in paragraph at lines 343--343
\OT1/ptm/m/n/10 ti-o-nal Workshop on Open
 []


Underfull \hbox (badness 1043) in paragraph at lines 343--343
\OT1/ptm/m/n/10 Soft-ware De-fi-ned Wi-re-less
 []


Underfull \hbox (badness 1087) in paragraph at lines 347--347
[]|\OT1/ptm/m/n/10 Luca Be-rar-di-nelli, Vit-to-rio
 []


Underfull \hbox (badness 2435) in paragraph at lines 348--348
\OT1/ptm/m/n/10 of the 2nd Workshop on
 []


Underfull \hbox (badness 6825) in paragraph at lines 348--348
\OT1/ptm/m/n/10 Soft-ware En-gi-ne-e-ring for
 []


Underfull \hbox (badness 10000) in paragraph at lines 350--350
[]|\OT1/ptm/m/n/10 Context-aware agri-cul-ture
 []


Underfull \hbox (badness 1371) in paragraph at lines 353--353
\OT1/ptm/m/n/10 fe-rence on Ubi-qui-tous In-
 []


Underfull \hbox (badness 10000) in paragraph at lines 357--357
\OT1/ptm/m/n/10 Kh-dair, Mos'ab Ayyash,
 []


Underfull \hbox (badness 10000) in paragraph at lines 358--358
\OT1/ptm/m/n/10 of the 2nd In-ter-na-ti-o-nal
 []


Underfull \hbox (badness 10000) in paragraph at lines 358--358
\OT1/ptm/m/n/10 Con-fe-rence on Fu-ture
 []


Underfull \hbox (badness 4647) in paragraph at lines 358--358
\OT1/ptm/m/n/10 Networks and Dis-tri-bu-ted
 []


Underfull \hbox (badness 10000) in paragraph at lines 360--360
[]|\OT1/ptm/m/n/10 Spatial kno-wledge in-ter-
 []


Underfull \hbox (badness 1527) in paragraph at lines 362--362
\OT1/ptm/m/n/10 ker, Da-vid Ra-ve-ena Ju-die
 []


Underfull \hbox (badness 5696) in paragraph at lines 363--363
\OT1/ptm/m/n/10 e-dings of the 1st ACM
 []


Underfull \hbox (badness 3758) in paragraph at lines 363--363
\OT1/ptm/m/n/10 SIGS-PA-TIAL In-ter-na-ti-o-nal
 []


Underfull \hbox (badness 1365) in paragraph at lines 365--365
[]|\OT1/ptm/m/n/10 Understanding the user in
 []


Underfull \hbox (badness 2884) in paragraph at lines 370--370
\OT1/ptm/m/n/10 Res-pon-si-ble In-no-va-tion in
 []


Underfull \hbox (badness 10000) in paragraph at lines 373--373
\OT1/ptm/m/n/10 tai-na-bi-lity (3S) Re-se-arch
 []


Underfull \hbox (badness 2142) in paragraph at lines 373--373
\OT1/ptm/m/n/10 of East An-glia, Norwich,
 []


Underfull \hbox (badness 1546) in paragraph at lines 377--377
[]|\OT1/ptm/m/n/10 Geraint Rhys Sethu-Jones,
 []


Underfull \hbox (badness 4872) in paragraph at lines 377--377
\OT1/ptm/m/n/10 Y. Ro-gers, Ni-co-lai Mar-
 []


Underfull \hbox (badness 2213) in paragraph at lines 382--382
[]|\OT1/ptm/m/n/10 Jonilyn A. Te-jada, Glenn
 []


Underfull \hbox (badness 7291) in paragraph at lines 385--385
\OT1/ptm/m/n/10 4.0 and di-gi-ta-li-za-tion in
 []


Underfull \hbox (badness 3635) in paragraph at lines 385--385
\OT1/ptm/m/n/10 agri-cul-ture sup-ply-chains -
 []


Underfull \hbox (badness 1062) in paragraph at lines 387--387
\OT1/ptm/m/n/10 che , Jorge E. Her-nan-dez
 []


Underfull \hbox (badness 10000) in paragraph at lines 388--388
[]|\OT1/ptm/m/n/10 Computers in In-dus-try-
 []


Underfull \hbox (badness 2503) in paragraph at lines 388--388
\OT1/ptm/m/n/10 Vo-lume 116, April 2020,
 []


Underfull \hbox (badness 1412) in paragraph at lines 390--390
\OT1/ptm/m/n/10 come hur-dlesthwar-ting the
 []


Underfull \hbox (badness 1776) in paragraph at lines 392--392
[]|\OT1/ptm/m/n/10 Mark Shepherd, Ja-mes A
 []


Underfull \hbox (badness 1424) in paragraph at lines 392--392
\OT1/ptm/m/n/10 Tur-ner, Bruce Small, Da-
 []


Underfull \hbox (badness 1377) in paragraph at lines 393--393
[]|\OT1/ptm/m/n/10 Journal of the Sci-ence of
 []


Underfull \hbox (badness 1910) in paragraph at lines 393--393
\OT1/ptm/m/n/10 Food and Agri-cul-ture pu-
 []


Underfull \hbox (badness 1365) in paragraph at lines 393--393
\OT1/ptm/m/n/10 blished by John Wi-ley &
 []


Underfull \hbox (badness 3746) in paragraph at lines 395--395
\OT1/ptm/m/n/10 Li-ves-tock Big Data In-te-
 []


Underfull \hbox (badness 1735) in paragraph at lines 397--397
[]|\OT1/ptm/m/n/10 Franz Papst, Olga Saukh,
 []


Underfull \hbox (badness 1168) in paragraph at lines 398--398
\OT1/ptm/m/n/10 the 9th In-ter-na-ti-o-nal Con-
 []


Overfull \hbox (5.75157pt too wide) in alignment at lines 308--408
 [] [] [] [] [] 
 []

[5]
Underfull \hbox (badness 3009) in paragraph at lines 412--412
[]|[]\OT1/ptm/m/n/10 Oscar Al-vear, C. T. Ca-
 []


Underfull \hbox (badness 2556) in paragraph at lines 412--412
\OT1/ptm/m/n/10 Juan Car-los Cano, Pi-e-tro
 []


Underfull \hbox (badness 5274) in paragraph at lines 413--413
\OT1/ptm/m/n/10 of the 13th In-ter-na-ti-o-nal
 []


Underfull \hbox (badness 10000) in paragraph at lines 413--413
\OT1/ptm/m/n/10 Con-fe-rence on Ad-van-ces
 []


Underfull \hbox (badness 1158) in paragraph at lines 413--413
\OT1/ptm/m/n/10 in Mo-bile Com-pu-ting and
 []


Underfull \hbox (badness 2173) in paragraph at lines 415--415
[]|\OT1/ptm/m/n/10 Experiences De-ploying an
 []


Underfull \hbox (badness 1642) in paragraph at lines 420--420
\OT1/ptm/m/n/10 for rain-fed far-ming de-ci-
 []


Underfull \hbox (badness 3942) in paragraph at lines 422--422
[]|\OT1/ptm/m/n/10 Jacques Pan-chard, Sesha-
 []


Underfull \hbox (badness 10000) in paragraph at lines 422--422
\OT1/ptm/m/n/10 giri Rao, Ma-da-va-lam S
 []


Underfull \hbox (badness 10000) in paragraph at lines 422--422
\OT1/ptm/m/n/10 Sheshshayee, Pa-na-gi-o-tis
 []


Underfull \hbox (badness 1960) in paragraph at lines 422--422
\OT1/ptm/m/n/10 manth Ku-mar, Jean-Pierre
 []


Underfull \hbox (badness 4967) in paragraph at lines 423--423
[]|\OT1/ptm/m/n/10 NSDR '08: Pro-ce-e-dings
 []


Underfull \hbox (badness 1178) in paragraph at lines 423--423
\OT1/ptm/m/n/10 of the se-cond ACM SIG-
 []


Underfull \hbox (badness 10000) in paragraph at lines 423--423
\OT1/ptm/m/n/10 COMM workshop on
 []


Underfull \hbox (badness 10000) in paragraph at lines 423--423
\OT1/ptm/m/n/10 Networ-ked sys-tems for
 []


Underfull \hbox (badness 1412) in paragraph at lines 427--427
\OT1/ptm/m/n/10 orge R Vil-la-nu-eva, Na-po-
 []


Underfull \hbox (badness 1616) in paragraph at lines 430--430
\OT1/ptm/m/n/10 De-ve-lo-ping a cli-mate ser-
 []


Underfull \hbox (badness 1466) in paragraph at lines 432--432
\OT1/ptm/m/n/10 de Vre-ede, Wim Som de
 []


Underfull \hbox (badness 7238) in paragraph at lines 432--432
\OT1/ptm/m/n/10 Cerff, Carlo Bu-on-tempo,
 []


Underfull \hbox (badness 7667) in paragraph at lines 432--432
\OT1/ptm/m/n/10 Anca Bro-okshaw, Si-mon
 []


Underfull \hbox (badness 1924) in paragraph at lines 432--432
\OT1/ptm/m/n/10 Stan-ley, Ross Mid-dleham,
 []


Underfull \hbox (badness 3199) in paragraph at lines 432--432
\OT1/ptm/m/n/10 Daisy Pit-tams, El-len La-
 []


Underfull \hbox (badness 10000) in paragraph at lines 435--435
[]|\OT1/ptm/m/n/10 Agriculture In-for-ma-tion
 []


Underfull \hbox (badness 10000) in paragraph at lines 435--435
\OT1/ptm/m/n/10 Data In-fras-truc-ture and
 []


Underfull \hbox (badness 10000) in paragraph at lines 437--437
\OT1/ptm/m/n/10 Wi-tayang-kurn, Ras-sa-
 []


Underfull \hbox (badness 10000) in paragraph at lines 437--437
\OT1/ptm/m/n/10 rin Chin-na-chod-te-e-ra-nun,
 []


Underfull \hbox (badness 3449) in paragraph at lines 438--438
\OT1/ptm/m/n/10 of the 2014 In-ter-na-ti-o-nal
 []


Underfull \hbox (badness 1147) in paragraph at lines 438--438
\OT1/ptm/m/n/10 Workshop on Web In-tel-li-
 []


Underfull \hbox (badness 2401) in paragraph at lines 440--440
[]|\OT1/ptm/m/n/10 Designing Spe-cu-la-tive Ci-
 []


Underfull \hbox (badness 1616) in paragraph at lines 443--443
[]|\OT1/ptm/m/n/10 CHI '16: Pro-ce-e-dings of
 []


Underfull \hbox (badness 4995) in paragraph at lines 445--445
[]|\OT1/ptm/m/n/10 Citrus Gre-e-ning In-fec-tion
 []


Underfull \hbox (badness 2503) in paragraph at lines 447--447
[]|\OT1/ptm/m/n/10 Charles T. Soini, So-fi-ane
 []


Underfull \hbox (badness 2401) in paragraph at lines 450--450
[]|\OT1/ptm/m/n/10 Digital Plat-form for Data
 []


Underfull \hbox (badness 4995) in paragraph at lines 450--450
\OT1/ptm/m/n/10 Dri-ven Aqua-cul-ture Farm
 []


Underfull \hbox (badness 1859) in paragraph at lines 453--453
[]|\OT1/ptm/m/n/10 IndiaHCI'15: Pro-ce-e-dings
 []


Underfull \hbox (badness 2253) in paragraph at lines 458--458
\OT1/ptm/m/n/10 bed-ded Networ-ked Sen-sor
 []


Overfull \hbox (5.75157pt too wide) in alignment at lines 408--460
 [] [] [] [] [] 
 []

[6] [7] [8]
Overfull \hbox (2.82338pt too wide) in alignment at lines 468--475
 [] [] [] [] [] 
 []


Overfull \hbox (2.82338pt too wide) in alignment at lines 475--476
 [] [] [] [] [] 
 []


Overfull \hbox (2.82338pt too wide) in alignment at lines 476--477
 [] [] [] [] [] 
 []


Overfull \hbox (2.82338pt too wide) in alignment at lines 477--478
 [] [] [] [] [] 
 []


Underfull \hbox (badness 10000) in paragraph at lines 479--479
[]|\OT1/ptm/m/n/10 CE4, CE5,
 []


Underfull \hbox (badness 2799) in paragraph at lines 480--480
[]|\OT1/ptm/m/n/10 Improving di-gi-tal ecosys-tems for agri-cul-ture:
 []


Overfull \hbox (3.3549pt too wide) in paragraph at lines 480--480
[]|\OT1/ptm/m/n/10 Selecionado| 
 []


Underfull \hbox (badness 10000) in paragraph at lines 481--481
[]|\OT1/ptm/m/n/10 CE3, CE4,
 []


Overfull \hbox (3.3549pt too wide) in paragraph at lines 482--482
[]|\OT1/ptm/m/n/10 Selecionado| 
 []


Underfull \hbox (badness 10000) in paragraph at lines 483--483
[]|\OT1/ptm/m/n/10 CE4, CE5,
 []


Underfull \hbox (badness 10000) in paragraph at lines 484--484
[]|\OT1/ptm/m/n/10 CE4, CE5,
 []


Underfull \hbox (badness 10000) in paragraph at lines 485--485
[]|\OT1/ptm/m/n/10 CE4, CE5,
 []


Underfull \hbox (badness 10000) in paragraph at lines 486--486
[]|\OT1/ptm/m/n/10 CE4, CE5,
 []


Overfull \hbox (3.3549pt too wide) in paragraph at lines 487--487
[]|\OT1/ptm/m/n/10 Selecionado| 
 []


Overfull \hbox (3.3549pt too wide) in paragraph at lines 488--488
[]|\OT1/ptm/m/n/10 Selecionado| 
 []


Underfull \hbox (badness 10000) in paragraph at lines 489--489
[]|\OT1/ptm/m/n/10 CE4, CE5,
 []


Underfull \hbox (badness 10000) in paragraph at lines 490--490
[]|\OT1/ptm/m/n/10 CE4, CE5,
 []


Overfull \hbox (3.3549pt too wide) in paragraph at lines 491--491
[]|\OT1/ptm/m/n/10 Selecionado| 
 []


Underfull \hbox (badness 10000) in paragraph at lines 492--492
[]|\OT1/ptm/m/n/10 CE4, CE5,
 []


Underfull \hbox (badness 10000) in paragraph at lines 493--493
[]|\OT1/ptm/m/n/10 CE4, CE5,
 []


Overfull \hbox (3.3549pt too wide) in paragraph at lines 494--494
[]|\OT1/ptm/m/n/10 Selecionado| 
 []


Overfull \hbox (3.3549pt too wide) in paragraph at lines 495--495
[]|\OT1/ptm/m/n/10 Selecionado| 
 []


Underfull \hbox (badness 1028) in paragraph at lines 497--497
[]|\OT1/ptm/m/n/10 Seesaw: end-to-end dy-na-mic sen-sing for IoT
 []


Underfull \hbox (badness 10000) in paragraph at lines 497--497
[]|\OT1/ptm/m/n/10 CE4, CE5,
 []


Underfull \hbox (badness 10000) in paragraph at lines 498--498
[]|\OT1/ptm/m/n/10 CE4, CE5,
 []


Overfull \hbox (3.3549pt too wide) in paragraph at lines 498--498
[]|\OT1/ptm/m/n/10 Selecionado| 
 []


Overfull \hbox (2.82338pt too wide) in alignment at lines 478--498
 [] [] [] [] [] 
 []


Underfull \hbox (badness 6461) in paragraph at lines 500--500
[]|\OT1/ptm/m/n/10 Experiences De-ploying an Always-on Farm
 []


Underfull \hbox (badness 10000) in paragraph at lines 500--500
[]|\OT1/ptm/m/n/10 CE4, CE5,
 []


Overfull \hbox (3.3549pt too wide) in paragraph at lines 501--501
[]|\OT1/ptm/m/n/10 Selecionado| 
 []


Underfull \hbox (badness 10000) in paragraph at lines 502--502
[]|\OT1/ptm/m/n/10 CE4, CE5,
 []


Overfull \hbox (3.3549pt too wide) in paragraph at lines 503--503
[]|\OT1/ptm/m/n/10 Selecionado| 
 []


Overfull \hbox (3.3549pt too wide) in paragraph at lines 504--504
[]|\OT1/ptm/m/n/10 Selecionado| 
 []


Underfull \hbox (badness 1072) in paragraph at lines 507--507
[]|\OT1/ptm/m/n/10 Digital Plat-form for Data Dri-ven Aqua-cul-ture
 []


Overfull \hbox (3.3549pt too wide) in paragraph at lines 507--507
[]|\OT1/ptm/m/n/10 Selecionado| 
 []


Overfull \hbox (2.82338pt too wide) in alignment at lines 498--510
 [] [] [] [] [] 
 []

[9]
Overfull \hbox (2.82338pt too wide) in alignment at lines 520--527
 [] [] [] [] [] 
 []


Overfull \hbox (2.82338pt too wide) in alignment at lines 527--528
 [] [] [] [] [] 
 []


Overfull \hbox (2.82338pt too wide) in alignment at lines 528--529
 [] [] [] [] [] 
 []


Overfull \hbox (2.82338pt too wide) in alignment at lines 529--530
 [] [] [] [] [] 
 []


Underfull \hbox (badness 2799) in paragraph at lines 531--531
[]|\OT1/ptm/m/n/10 Improving di-gi-tal ecosys-tems for agri-cul-ture:
 []


Overfull \hbox (3.3549pt too wide) in paragraph at lines 532--532
[]|\OT1/ptm/m/n/10 Selecionado| 
 []


Overfull \hbox (3.3549pt too wide) in paragraph at lines 535--535
[]|\OT1/ptm/m/n/10 Selecionado| 
 []


Overfull \hbox (3.3549pt too wide) in paragraph at lines 536--536
[]|\OT1/ptm/m/n/10 Selecionado| 
 []


Overfull \hbox (3.3549pt too wide) in paragraph at lines 537--537
[]|\OT1/ptm/m/n/10 Selecionado| 
 []


Underfull \hbox (badness 10000) in paragraph at lines 538--538
[]|\OT1/ptm/m/n/10 CE4, CE5,
 []


Overfull \hbox (3.3549pt too wide) in paragraph at lines 539--539
[]|\OT1/ptm/m/n/10 Selecionado| 
 []


Overfull \hbox (3.3549pt too wide) in paragraph at lines 540--540
[]|\OT1/ptm/m/n/10 Selecionado| 
 []


Underfull \hbox (badness 1072) in paragraph at lines 542--542
[]|\OT1/ptm/m/n/10 Digital Plat-form for Data Dri-ven Aqua-cul-ture
 []


Overfull \hbox (2.82338pt too wide) in alignment at lines 530--544
 [] [] [] [] [] 
 []

[10]
Underfull \hbox (badness 1442) in paragraph at lines 574--574
[]\OT1/ptm/m/n/10 Explora-se tra-ba-lhos re-le-van-tes da []area
 []


Underfull \hbox (badness 1490) in paragraph at lines 576--576
[]\OT1/ptm/m/n/10 Alguns tra-ba-lhos in-de-xa-dos pos-suem o
 []


Underfull \hbox (badness 1817) in paragraph at lines 591--591
\OT1/ptm/m/n/10 re-ci-ona a revolu[][]ao agr[]^^Pcola, sen-so-res,
 []


Underfull \hbox (badness 1616) in paragraph at lines 595--595
[]\OT1/ptm/m/n/10 O tra-ba-lho ex-plora di-fe-ren-tes []areas da
 []


Underfull \hbox (badness 3343) in paragraph at lines 629--629
\OT1/ptm/m/n/10 possa ne-ces-si-tar de pre-vis[]ao clim[]atica
 []

[11] [12] [13] (/Users/diogocezar/phd/phd-ihc-topics/a03/sbc-template.aux) ) 
Here is how much of TeX's memory you used:
 6203 strings out of 492649
 89709 string characters out of 6129621
 224602 words of memory out of 5000000
 9988 multiletter control sequences out of 15000+600000
 27013 words of font info for 52 fonts, out of 8000000 for 9000
 1141 hyphenation exceptions out of 8191
 43i,13n,46p,886b,1110s stack positions out of 5000i,500n,10000p,200000b,80000s
{/usr/local/texlive/2018/texmf-dist/fonts/enc/dvips/base/8r.enc}</usr/local/texlive/2018/texmf-dist/fonts/type1/public/amsfonts/cm/cmr8.pfb></usr/local/texlive/2018/texmf-dist/fonts/type1/public/amsfonts/cm/cmsy10.pfb></usr/local/texlive/2018/texmf-dist/fonts/type1/urw/courier/ucrr8a.pfb></usr/local/texlive/2018/texmf-dist/fonts/type1/urw/helvetic/uhvb8a.pfb></usr/local/texlive/2018/texmf-dist/fonts/type1/urw/times/utmb8a.pfb></usr/local/texlive/2018/texmf-dist/fonts/type1/urw/times/utmbi8a.pfb></usr/local/texlive/2018/texmf-dist/fonts/type1/urw/times/utmr8a.pfb></usr/local/texlive/2018/texmf-dist/fonts/type1/urw/times/utmri8a.pfb>
Output written on /Users/diogocezar/phd/phd-ihc-topics/a03/sbc-template.pdf (13 pages, 126847 bytes).
PDF statistics:
 80 PDF objects out of 1000 (max. 8388607)
 56 compressed objects within 1 object stream
 0 named destinations out of 1000 (max. 500000)
 1 words of extra memory for PDF output out of 10000 (max. 10000000)

